# JRE version: Java(TM) SE Runtime Environment (8.0_251-b08) (build 1.8.0_251-b08)
# Java VM: Java HotSpot(TM) 64-Bit Server VM (25.251-b08 mixed mode windows-amd64 compressed oops)
Heap:
 PSYoungGen      total 179712K, used 11709K [0x000000076b400000, 0x0000000777500000, 0x00000007c0000000)
  eden space 163840K, 0% used [0x000000076b400000,0x000000076b400000,0x0000000775400000)
  from space 15872K, 73% used [0x0000000776380000,0x0000000776eef618,0x0000000777300000)
  to   space 15872K, 0% used [0x0000000775400000,0x0000000775400000,0x0000000776380000)
 ParOldGen       total 135680K, used 13426K [0x00000006c1c00000, 0x00000006ca080000, 0x000000076b400000)
  object space 135680K, 9% used [0x00000006c1c00000,0x00000006c291cac8,0x00000006ca080000)
 Metaspace       used 55603K, capacity 58988K, committed 59096K, reserved 1099776K
  class space    used 7534K, capacity 7859K, committed 7936K, reserved 1048576K
GC Heap History (10 events):
Event: 7.010 GC heap after
Heap after GC invocations=4 (full 1):
 PSYoungGen      total 76288K, used 7780K [0x000000076b400000, 0x0000000773600000, 0x00000007c0000000)
  eden space 65536K, 0% used [0x000000076b400000,0x000000076b400000,0x000000076f400000)
  from space 10752K, 72% used [0x000000076f400000,0x000000076fb99328,0x000000076fe80000)
  to   space 10752K, 0% used [0x0000000772b80000,0x0000000772b80000,0x0000000773600000)
 ParOldGen       total 89600K, used 6842K [0x00000006c1c00000, 0x00000006c7380000, 0x000000076b400000)
  object space 89600K, 7% used [0x00000006c1c00000,0x00000006c22ae920,0x00000006c7380000)
 Metaspace       used 29394K, capacity 30870K, committed 30976K, reserved 1075200K
  class space    used 4077K, capacity 4293K, committed 4352K, reserved 1048576K
}
Event: 7.251 GC heap before
{Heap before GC invocations=5 (full 1):
 PSYoungGen      total 76288K, used 37664K [0x000000076b400000, 0x0000000773600000, 0x00000007c0000000)
  eden space 65536K, 45% used [0x000000076b400000,0x000000076d12f030,0x000000076f400000)
  from space 10752K, 72% used [0x000000076f400000,0x000000076fb99328,0x000000076fe80000)
  to   space 10752K, 0% used [0x0000000772b80000,0x0000000772b80000,0x0000000773600000)
 ParOldGen       total 89600K, used 6842K [0x00000006c1c00000, 0x00000006c7380000, 0x000000076b400000)
  object space 89600K, 7% used [0x00000006c1c00000,0x00000006c22ae920,0x00000006c7380000)
 Metaspace       used 33386K, capacity 35282K, committed 35456K, reserved 1079296K
  class space    used 4652K, capacity 4869K, committed 4992K, reserved 1048576K
Event: 7.255 GC heap after
Heap after GC invocations=5 (full 1):
 PSYoungGen      total 122368K, used 5517K [0x000000076b400000, 0x0000000773880000, 0x00000007c0000000)
  eden space 111616K, 0% used [0x000000076b400000,0x000000076b400000,0x0000000772100000)
  from space 10752K, 51% used [0x0000000772b80000,0x00000007730e3628,0x0000000773600000)
  to   space 10752K, 0% used [0x0000000772100000,0x0000000772100000,0x0000000772b80000)
 ParOldGen       total 89600K, used 6850K [0x00000006c1c00000, 0x00000006c7380000, 0x000000076b400000)
  object space 89600K, 7% used [0x00000006c1c00000,0x00000006c22b0920,0x00000006c7380000)
 Metaspace       used 33386K, capacity 35282K, committed 35456K, reserved 1079296K
  class space    used 4652K, capacity 4869K, committed 4992K, reserved 1048576K
}
Event: 7.255 GC heap before
{Heap before GC invocations=6 (full 2):
 PSYoungGen      total 122368K, used 5517K [0x000000076b400000, 0x0000000773880000, 0x00000007c0000000)
  eden space 111616K, 0% used [0x000000076b400000,0x000000076b400000,0x0000000772100000)
  from space 10752K, 51% used [0x0000000772b80000,0x00000007730e3628,0x0000000773600000)
  to   space 10752K, 0% used [0x0000000772100000,0x0000000772100000,0x0000000772b80000)
 ParOldGen       total 89600K, used 6850K [0x00000006c1c00000, 0x00000006c7380000, 0x000000076b400000)
  object space 89600K, 7% used [0x00000006c1c00000,0x00000006c22b0920,0x00000006c7380000)
 Metaspace       used 33386K, capacity 35282K, committed 35456K, reserved 1079296K
  class space    used 4652K, capacity 4869K, committed 4992K, reserved 1048576K
Event: 7.276 GC heap after
Heap after GC invocations=6 (full 2):
 PSYoungGen      total 122368K, used 0K [0x000000076b400000, 0x0000000773880000, 0x00000007c0000000)
  eden space 111616K, 0% used [0x000000076b400000,0x000000076b400000,0x0000000772100000)
  from space 10752K, 0% used [0x0000000772b80000,0x0000000772b80000,0x0000000773600000)
  to   space 10752K, 0% used [0x0000000772100000,0x0000000772100000,0x0000000772b80000)
 ParOldGen       total 135680K, used 9597K [0x00000006c1c00000, 0x00000006ca080000, 0x000000076b400000)
  object space 135680K, 7% used [0x00000006c1c00000,0x00000006c255f440,0x00000006ca080000)
 Metaspace       used 33386K, capacity 35282K, committed 35456K, reserved 1079296K
  class space    used 4652K, capacity 4869K, committed 4992K, reserved 1048576K
}
Event: 8.228 GC heap before
{Heap before GC invocations=7 (full 2):
 PSYoungGen      total 122368K, used 111616K [0x000000076b400000, 0x0000000773880000, 0x00000007c0000000)
  eden space 111616K, 100% used [0x000000076b400000,0x0000000772100000,0x0000000772100000)
  from space 10752K, 0% used [0x0000000772b80000,0x0000000772b80000,0x0000000773600000)
  to   space 10752K, 0% used [0x0000000772100000,0x0000000772100000,0x0000000772b80000)
 ParOldGen       total 135680K, used 9597K [0x00000006c1c00000, 0x00000006ca080000, 0x000000076b400000)
  object space 135680K, 7% used [0x00000006c1c00000,0x00000006c255f440,0x00000006ca080000)
 Metaspace       used 49193K, capacity 52226K, committed 52480K, reserved 1095680K
  class space    used 6751K, capacity 7050K, committed 7168K, reserved 1048576K
Event: 8.237 GC heap after
Heap after GC invocations=7 (full 2):
 PSYoungGen      total 122368K, used 10724K [0x000000076b400000, 0x0000000777300000, 0x00000007c0000000)
  eden space 111616K, 0% used [0x000000076b400000,0x000000076b400000,0x0000000772100000)
  from space 10752K, 99% used [0x0000000772100000,0x0000000772b79258,0x0000000772b80000)
  to   space 15872K, 0% used [0x0000000776380000,0x0000000776380000,0x0000000777300000)
 ParOldGen       total 135680K, used 13418K [0x00000006c1c00000, 0x00000006ca080000, 0x000000076b400000)
  object space 135680K, 9% used [0x00000006c1c00000,0x00000006c291aac8,0x00000006ca080000)
 Metaspace       used 49193K, capacity 52226K, committed 52480K, reserved 1095680K
  class space    used 6751K, capacity 7050K, committed 7168K, reserved 1048576K
}
Event: 8.715 GC heap before
{Heap before GC invocations=8 (full 2):
 PSYoungGen      total 122368K, used 91387K [0x000000076b400000, 0x0000000777300000, 0x00000007c0000000)
  eden space 111616K, 72% used [0x000000076b400000,0x00000007702c5c08,0x0000000772100000)
  from space 10752K, 99% used [0x0000000772100000,0x0000000772b79258,0x0000000772b80000)
  to   space 15872K, 0% used [0x0000000776380000,0x0000000776380000,0x0000000777300000)
 ParOldGen       total 135680K, used 13418K [0x00000006c1c00000, 0x00000006ca080000, 0x000000076b400000)
  object space 135680K, 9% used [0x00000006c1c00000,0x00000006c291aac8,0x00000006ca080000)
 Metaspace       used 55603K, capacity 58988K, committed 59096K, reserved 1099776K
  class space    used 7534K, capacity 7859K, committed 7936K, reserved 1048576K
Event: 8.721 GC heap after
Heap after GC invocations=8 (full 2):
 PSYoungGen      total 179712K, used 11709K [0x000000076b400000, 0x0000000777500000, 0x00000007c0000000)
  eden space 163840K, 0% used [0x000000076b400000,0x000000076b400000,0x0000000775400000)
  from space 15872K, 73% used [0x0000000776380000,0x0000000776eef618,0x0000000777300000)
  to   space 15872K, 0% used [0x0000000775400000,0x0000000775400000,0x0000000776380000)
 ParOldGen       total 135680K, used 13426K [0x00000006c1c00000, 0x00000006ca080000, 0x000000076b400000)
  object space 135680K, 9% used [0x00000006c1c00000,0x00000006c291cac8,0x00000006ca080000)
 Metaspace       used 55603K, capacity 58988K, committed 59096K, reserved 1099776K
  class space    used 7534K, capacity 7859K, committed 7936K, reserved 1048576K
}
Event: 8.721 GC heap before
{Heap before GC invocations=9 (full 3):
 PSYoungGen      total 179712K, used 11709K [0x000000076b400000, 0x0000000777500000, 0x00000007c0000000)
  eden space 163840K, 0% used [0x000000076b400000,0x000000076b400000,0x0000000775400000)
  from space 15872K, 73% used [0x0000000776380000,0x0000000776eef618,0x0000000777300000)
  to   space 15872K, 0% used [0x0000000775400000,0x0000000775400000,0x0000000776380000)
 ParOldGen       total 135680K, used 13426K [0x00000006c1c00000, 0x00000006ca080000, 0x000000076b400000)
  object space 135680K, 9% used [0x00000006c1c00000,0x00000006c291cac8,0x00000006ca080000)
 Metaspace       used 55603K, capacity 58988K, committed 59096K, reserved 1099776K
  class space    used 7534K, capacity 7859K, committed 7936K, reserved 1048576K

