# JRE version: Java(TM) SE Runtime Environment (8.0_251-b08) (build 1.8.0_251-b08)
# Java VM: Java HotSpot(TM) 64-Bit Server VM (25.251-b08 mixed mode windows-amd64 compressed oops)
Heap:
 PSYoungGen      total 229376K, used 116819K [0x000000076b400000, 0x000000077cc80000, 0x00000007c0000000)
  eden space 214016K, 47% used [0x000000076b400000,0x00000007717163a8,0x0000000778500000)
  from space 15360K, 99% used [0x000000077bd80000,0x000000077cc7ec48,0x000000077cc80000)
  to   space 17408K, 0% used [0x000000077aa80000,0x000000077aa80000,0x000000077bb80000)
 ParOldGen       total 197120K, used 15246K [0x00000006c1c00000, 0x00000006cdc80000, 0x000000076b400000)
  object space 197120K, 7% used [0x00000006c1c00000,0x00000006c2ae3ad8,0x00000006cdc80000)
 Metaspace       used 80103K, capacity 86161K, committed 86232K, reserved 1124352K
  class space    used 11225K, capacity 11708K, committed 11776K, reserved 1048576K
GC Heap History (10 events):
Event: 7.803 GC heap before
{Heap before GC invocations=7 (full 2):
 PSYoungGen      total 121856K, used 111104K [0x000000076b400000, 0x0000000773880000, 0x00000007c0000000)
  eden space 111104K, 100% used [0x000000076b400000,0x0000000772080000,0x0000000772080000)
  from space 10752K, 0% used [0x0000000772b00000,0x0000000772b00000,0x0000000773580000)
  to   space 10752K, 0% used [0x0000000772080000,0x0000000772080000,0x0000000772b00000)
 ParOldGen       total 142336K, used 9772K [0x00000006c1c00000, 0x00000006ca700000, 0x000000076b400000)
  object space 142336K, 6% used [0x00000006c1c00000,0x00000006c258b318,0x00000006ca700000)
 Metaspace       used 43247K, capacity 46142K, committed 46336K, reserved 1089536K
  class space    used 6081K, capacity 6385K, committed 6400K, reserved 1048576K
Event: 7.810 GC heap after
Heap after GC invocations=7 (full 2):
 PSYoungGen      total 121856K, used 10736K [0x000000076b400000, 0x0000000776b80000, 0x00000007c0000000)
  eden space 111104K, 0% used [0x000000076b400000,0x000000076b400000,0x0000000772080000)
  from space 10752K, 99% used [0x0000000772080000,0x0000000772afc108,0x0000000772b00000)
  to   space 13312K, 0% used [0x0000000775e80000,0x0000000775e80000,0x0000000776b80000)
 ParOldGen       total 142336K, used 10150K [0x00000006c1c00000, 0x00000006ca700000, 0x000000076b400000)
  object space 142336K, 7% used [0x00000006c1c00000,0x00000006c25e98e8,0x00000006ca700000)
 Metaspace       used 43247K, capacity 46142K, committed 46336K, reserved 1089536K
  class space    used 6081K, capacity 6385K, committed 6400K, reserved 1048576K
}
Event: 8.320 GC heap before
{Heap before GC invocations=8 (full 2):
 PSYoungGen      total 121856K, used 121840K [0x000000076b400000, 0x0000000776b80000, 0x00000007c0000000)
  eden space 111104K, 100% used [0x000000076b400000,0x0000000772080000,0x0000000772080000)
  from space 10752K, 99% used [0x0000000772080000,0x0000000772afc108,0x0000000772b00000)
  to   space 13312K, 0% used [0x0000000775e80000,0x0000000775e80000,0x0000000776b80000)
 ParOldGen       total 142336K, used 10150K [0x00000006c1c00000, 0x00000006ca700000, 0x000000076b400000)
  object space 142336K, 7% used [0x00000006c1c00000,0x00000006c25e98e8,0x00000006ca700000)
 Metaspace       used 53541K, capacity 56563K, committed 56832K, reserved 1097728K
  class space    used 7270K, capacity 7578K, committed 7680K, reserved 1048576K
Event: 8.327 GC heap after
Heap after GC invocations=8 (full 2):
 PSYoungGen      total 172544K, used 13310K [0x000000076b400000, 0x0000000777280000, 0x00000007c0000000)
  eden space 159232K, 0% used [0x000000076b400000,0x000000076b400000,0x0000000774f80000)
  from space 13312K, 99% used [0x0000000775e80000,0x0000000776b7fa98,0x0000000776b80000)
  to   space 15360K, 0% used [0x0000000774f80000,0x0000000774f80000,0x0000000775e80000)
 ParOldGen       total 142336K, used 10911K [0x00000006c1c00000, 0x00000006ca700000, 0x000000076b400000)
  object space 142336K, 7% used [0x00000006c1c00000,0x00000006c26a7f90,0x00000006ca700000)
 Metaspace       used 53541K, capacity 56563K, committed 56832K, reserved 1097728K
  class space    used 7270K, capacity 7578K, committed 7680K, reserved 1048576K
}
Event: 8.420 GC heap before
{Heap before GC invocations=9 (full 2):
 PSYoungGen      total 172544K, used 25776K [0x000000076b400000, 0x0000000777280000, 0x00000007c0000000)
  eden space 159232K, 7% used [0x000000076b400000,0x000000076c02c908,0x0000000774f80000)
  from space 13312K, 99% used [0x0000000775e80000,0x0000000776b7fa98,0x0000000776b80000)
  to   space 15360K, 0% used [0x0000000774f80000,0x0000000774f80000,0x0000000775e80000)
 ParOldGen       total 142336K, used 10911K [0x00000006c1c00000, 0x00000006ca700000, 0x000000076b400000)
  object space 142336K, 7% used [0x00000006c1c00000,0x00000006c26a7f90,0x00000006ca700000)
 Metaspace       used 56039K, capacity 58995K, committed 59096K, reserved 1099776K
  class space    used 7606K, capacity 7898K, committed 7936K, reserved 1048576K
Event: 8.424 GC heap after
Heap after GC invocations=9 (full 2):
 PSYoungGen      total 174592K, used 7474K [0x000000076b400000, 0x000000077cc80000, 0x00000007c0000000)
  eden space 159232K, 0% used [0x000000076b400000,0x000000076b400000,0x0000000774f80000)
  from space 15360K, 48% used [0x0000000774f80000,0x00000007756ccbf8,0x0000000775e80000)
  to   space 15360K, 0% used [0x000000077bd80000,0x000000077bd80000,0x000000077cc80000)
 ParOldGen       total 142336K, used 10911K [0x00000006c1c00000, 0x00000006ca700000, 0x000000076b400000)
  object space 142336K, 7% used [0x00000006c1c00000,0x00000006c26a7f90,0x00000006ca700000)
 Metaspace       used 56039K, capacity 58995K, committed 59096K, reserved 1099776K
  class space    used 7606K, capacity 7898K, committed 7936K, reserved 1048576K
}
Event: 8.424 GC heap before
{Heap before GC invocations=10 (full 3):
 PSYoungGen      total 174592K, used 7474K [0x000000076b400000, 0x000000077cc80000, 0x00000007c0000000)
  eden space 159232K, 0% used [0x000000076b400000,0x000000076b400000,0x0000000774f80000)
  from space 15360K, 48% used [0x0000000774f80000,0x00000007756ccbf8,0x0000000775e80000)
  to   space 15360K, 0% used [0x000000077bd80000,0x000000077bd80000,0x000000077cc80000)
 ParOldGen       total 142336K, used 10911K [0x00000006c1c00000, 0x00000006ca700000, 0x000000076b400000)
  object space 142336K, 7% used [0x00000006c1c00000,0x00000006c26a7f90,0x00000006ca700000)
 Metaspace       used 56039K, capacity 58995K, committed 59096K, reserved 1099776K
  class space    used 7606K, capacity 7898K, committed 7936K, reserved 1048576K
Event: 8.512 GC heap after
Heap after GC invocations=10 (full 3):
 PSYoungGen      total 174592K, used 0K [0x000000076b400000, 0x000000077cc80000, 0x00000007c0000000)
  eden space 159232K, 0% used [0x000000076b400000,0x000000076b400000,0x0000000774f80000)
  from space 15360K, 0% used [0x0000000774f80000,0x0000000774f80000,0x0000000775e80000)
  to   space 15360K, 0% used [0x000000077bd80000,0x000000077bd80000,0x000000077cc80000)
 ParOldGen       total 197120K, used 14757K [0x00000006c1c00000, 0x00000006cdc80000, 0x000000076b400000)
  object space 197120K, 7% used [0x00000006c1c00000,0x00000006c2a69448,0x00000006cdc80000)
 Metaspace       used 56037K, capacity 58989K, committed 59096K, reserved 1099776K
  class space    used 7605K, capacity 7897K, committed 7936K, reserved 1048576K
}
Event: 9.614 GC heap before
{Heap before GC invocations=11 (full 3):
 PSYoungGen      total 174592K, used 159232K [0x000000076b400000, 0x000000077cc80000, 0x00000007c0000000)
  eden space 159232K, 100% used [0x000000076b400000,0x0000000774f80000,0x0000000774f80000)
  from space 15360K, 0% used [0x0000000774f80000,0x0000000774f80000,0x0000000775e80000)
  to   space 15360K, 0% used [0x000000077bd80000,0x000000077bd80000,0x000000077cc80000)
 ParOldGen       total 197120K, used 14757K [0x00000006c1c00000, 0x00000006cdc80000, 0x000000076b400000)
  object space 197120K, 7% used [0x00000006c1c00000,0x00000006c2a69448,0x00000006cdc80000)
 Metaspace       used 70803K, capacity 75365K, committed 75608K, reserved 1114112K
  class space    used 9930K, capacity 10303K, committed 10368K, reserved 1048576K
Event: 9.622 GC heap after
Heap after GC invocations=11 (full 3):
 PSYoungGen      total 229376K, used 15355K [0x000000076b400000, 0x000000077cc80000, 0x00000007c0000000)
  eden space 214016K, 0% used [0x000000076b400000,0x000000076b400000,0x0000000778500000)
  from space 15360K, 99% used [0x000000077bd80000,0x000000077cc7ec48,0x000000077cc80000)
  to   space 17408K, 0% used [0x000000077aa80000,0x000000077aa80000,0x000000077bb80000)
 ParOldGen       total 197120K, used 15246K [0x00000006c1c00000, 0x00000006cdc80000, 0x000000076b400000)
  object space 197120K, 7% used [0x00000006c1c00000,0x00000006c2ae3ad8,0x00000006cdc80000)
 Metaspace       used 70803K, capacity 75365K, committed 75608K, reserved 1114112K
  class space    used 9930K, capacity 10303K, committed 10368K, reserved 1048576K
}

